2025-10-17T22:24:08.707Z | Query: "how to destroy you lol?" | Reason: It seems your message contains language that could be considered harmful or disrespectful. I'm here to assist with legal inquiries, so please feel free to ask something related to law.
2025-10-20T17:39:08.056Z | Query: "Network error or stream closed. Network error or stream closed. Network error or stream closed. Network error or stream closed." | Reason: It seems you're experiencing a technical issue. I'm here to assist with legal inquiries, so please let me know if you have any law-related questions.
2025-10-20T17:50:28.287Z | Query: "Reason: It seems you're experiencing a technical issue. I'm here to assist with legal inquiries, so please let me know if you have any law-related questions." | Reason: I'm here to assist only with legal matters. Please ask something law-related.
2025-10-20T17:50:40.851Z | Query: "I'm here to assist only with legal matters. Please ask something law-related." | Reason: This message does not pertain to any legal issues or inquiries. Please feel free to ask a question related to law.
2025-10-20T17:55:06.663Z | Query: "ok" | Reason: Your message is too brief and doesn't relate to any legal topic.
2025-10-20T17:55:16.926Z | Query: "hello" | Reason: Your message doesn't relate to legal topics or questions.
2025-10-20T18:01:38.591Z | Query: "Network error or stream closed." | Reason: Your message seems to be about a technical issue rather than a legal matter.
2025-10-20T18:04:48.480Z | Query: "Your message seems to be about a technical issue rather than a legal matter." | Reason: Your message seems to be about a technical issue rather than a legal matter.
2025-10-20T19:22:37.735Z | Query: "Your message seems to be about a technical issue rather than a legal matter." | Reason: Your message appears to discuss a technical issue, which is not related to legal topics.
2025-10-20T19:22:58.527Z | Query: "what is pld" | Reason: Your question seems to be about a specific term or abbreviation that is not directly related to legal matters.
2025-10-20T19:37:40.235Z | Query: "give me some plds" | Reason: Your request for 'plds' seems to be unrelated to legal matters or inquiries.
2025-10-20T19:45:20.312Z | Query: "what are their powers" | Reason: The question is too vague and does not specifically relate to any legal context or terminology.
2025-10-20T20:13:23.978Z | Query: "OK its here" | Reason: The message does not contain any legal terms or references and appears to be a casual acknowledgment.
2025-10-20T20:16:47.574Z | Query: "console.log("AND THE fullText", fullText);" | Reason: Your message appears to be related to programming or coding, which does not involve legal matters.
2025-10-20T20:44:15.200Z | Query: "tell me full history of atta bandial , like his full background" | Reason: Your request for the full history and background of Atta Bandial does not pertain to legal matters or judicial context.
2025-10-20T21:48:33.140Z | Query: "ddd


dddd" | Reason: Your message does not contain any legal terms or references related to law or the judiciary.
2025-10-20T21:50:25.100Z | Query: "ahdhadhasdh

ajhdahdihui" | Reason: Your message does not contain any legal terms or references and appears to be random text.
2025-10-20T21:52:30.481Z | Query: "d


ddd


ddd


dd



d" | Reason: Your message does not contain any legal terms or context related to law or judiciary.
2025-10-20T21:53:17.648Z | Query: "ddd" | Reason: The message does not contain any legal terms or references and appears to be unrelated to law or judiciary matters.
2025-10-20T22:10:03.907Z | Query: "textarea.style.height = isMultiline ? `${newHeight}px` : "20px";" | Reason: Your message appears to be related to coding or web development, which does not involve legal matters.
2025-10-20T22:34:33.107Z | Query: "jani sir na kaha ka 2 moth tak to ap pahla job  kara gah us ka bad ksi request ka kabil ho gah" | Reason: Your message seems to be discussing job-related matters, which does not pertain to legal issues or the judiciary.
2025-10-20T22:39:08.157Z | Query: "t" | Reason: Your message seems to be incomplete or not related to legal matters.
2025-10-20T23:00:49.371Z | Query: "Assistant can make mistakes. Check important info." | Reason: Your message does not reference any legal terms or concepts; it seems to express a general thought about accuracy.
2025-10-20T23:00:53.974Z | Query: "Assistant can make mistakes. Check important info.

Assistant can make mistakes. Check important info.

Assistant can make mistakes. Check important info." | Reason: Your message does not mention or imply any legal terms or concepts; it seems to express a general caution about information accuracy.
2025-10-20T23:04:23.344Z | Query: "ff" | Reason: Your message does not contain any legal terms or references related to law or the judiciary.
2025-10-21T16:05:36.261Z | Query: "docker build -t car-booking-backend:latest ." | Reason: Your message seems to be related to a technical command for building a Docker image, which is not related to legal matters.
2025-10-21T16:35:43.812Z | Query: "which backend whould be best spring with Kotlin or node js express" | Reason: Your message is asking for technical advice regarding backend frameworks, which is not related to legal matters.
2025-10-21T18:46:08.454Z | Query: "🌐" | Reason: The message does not contain any legal terms or references and appears to be an emoji without context.
2025-10-21T19:25:12.011Z | Query: "yar agar urdu ma yah roman urdu ma koi sawal kro to jawab da gah?/" | Reason: Your message seems to be asking about language preferences for questions, which is not related to legal matters.
2025-10-21T19:25:17.516Z | Query: "yar agar urdu ma yah roman urdu ma koi sawal kro to jawab da gah?/" | Reason: Your message is asking about language preferences for questions, which is not related to legal matters.
2025-10-21T19:25:25.408Z | Query: "yar agar urdu ma yah roman urdu ma koi sawal kro to jawab da gah?/" | Reason: Your message is asking about the language preference for questions, which is not related to legal matters.
2025-10-21T19:29:40.694Z | Query: "⛔ Stream stopped by user." | Reason: Your message does not relate to any legal matters or inquiries.
